2023-07-22 00:05:20 [restartedMain] INFO  com.hms.api.HmsApplication - Starting HmsApplication using Java 17 on RAVIDESKTOP-PQFLAFL with PID 21700 (F:\Industrial Project\Healthify-Dev\target\classes started by RAVIKIRAN in F:\Industrial Project\Healthify-Dev)
2023-07-22 00:05:20 [restartedMain] INFO  com.hms.api.HmsApplication - No active profile set, falling back to default profiles: default
2023-07-22 00:05:21 [restartedMain] INFO  o.s.d.r.c.RepositoryConfigurationDelegate - Bootstrapping Spring Data JPA repositories in DEFAULT mode.
2023-07-22 00:05:21 [restartedMain] INFO  o.s.d.r.c.RepositoryConfigurationDelegate - Finished Spring Data repository scanning in 10 ms. Found 0 JPA repository interfaces.
2023-07-22 00:05:21 [restartedMain] INFO  o.s.b.w.e.tomcat.TomcatWebServer - Tomcat initialized with port(s): 8080 (http)
2023-07-22 00:05:21 [restartedMain] INFO  o.a.catalina.core.StandardService - Starting service [Tomcat]
2023-07-22 00:05:21 [restartedMain] INFO  o.a.catalina.core.StandardEngine - Starting Servlet engine: [Apache Tomcat/9.0.48]
2023-07-22 00:05:21 [restartedMain] INFO  o.a.c.c.C.[Tomcat].[localhost].[/] - Initializing Spring embedded WebApplicationContext
2023-07-22 00:05:21 [restartedMain] INFO  o.s.b.w.s.c.ServletWebServerApplicationContext - Root WebApplicationContext: initialization completed in 1241 ms
2023-07-22 00:05:23 [restartedMain] INFO  org.hibernate.dialect.Dialect - HHH000400: Using dialect: org.hibernate.dialect.MySQL5Dialect
2023-07-22 00:05:23 [restartedMain] INFO  o.h.e.t.j.p.i.JtaPlatformInitiator - HHH000490: Using JtaPlatform implementation: [org.hibernate.engine.transaction.jta.platform.internal.NoJtaPlatform]
2023-07-22 00:05:23 [restartedMain] INFO  o.s.s.web.DefaultSecurityFilterChain - Will secure Ant [pattern='/v2/api-docs'] with []
2023-07-22 00:05:23 [restartedMain] INFO  o.s.s.web.DefaultSecurityFilterChain - Will secure Ant [pattern='/configuration/ui'] with []
2023-07-22 00:05:23 [restartedMain] INFO  o.s.s.web.DefaultSecurityFilterChain - Will secure Ant [pattern='/swagger-resources/**'] with []
2023-07-22 00:05:23 [restartedMain] INFO  o.s.s.web.DefaultSecurityFilterChain - Will secure Ant [pattern='/configuration/security'] with []
2023-07-22 00:05:23 [restartedMain] INFO  o.s.s.web.DefaultSecurityFilterChain - Will secure Ant [pattern='/swagger-ui.html/**'] with []
2023-07-22 00:05:23 [restartedMain] INFO  o.s.s.web.DefaultSecurityFilterChain - Will secure Ant [pattern='/webjars/**'] with []
2023-07-22 00:05:23 [restartedMain] INFO  o.s.s.web.DefaultSecurityFilterChain - Will secure any request with [org.springframework.security.web.context.request.async.WebAsyncManagerIntegrationFilter@7061c8e5, org.springframework.security.web.context.SecurityContextPersistenceFilter@180445c1, org.springframework.security.web.header.HeaderWriterFilter@298a2e77, org.springframework.security.web.authentication.logout.LogoutFilter@763559f3, com.hms.api.config.JwtAuthenticationFilter@60767e50, org.springframework.security.web.authentication.www.BasicAuthenticationFilter@1550e006, org.springframework.security.web.savedrequest.RequestCacheAwareFilter@5bb6e502, org.springframework.security.web.servletapi.SecurityContextHolderAwareRequestFilter@23378195, org.springframework.security.web.authentication.AnonymousAuthenticationFilter@71fe96dc, org.springframework.security.web.session.SessionManagementFilter@50c7e757, org.springframework.security.web.access.ExceptionTranslationFilter@6d25da91, org.springframework.security.web.access.intercept.FilterSecurityInterceptor@2bfce2ca]
2023-07-22 00:05:23 [restartedMain] INFO  s.d.s.w.PropertySourcedRequestMappingHandlerMapping - Mapped URL path [/v2/api-docs] onto method [springfox.documentation.swagger2.web.Swagger2Controller#getDocumentation(String, HttpServletRequest)]
2023-07-22 00:05:23 [restartedMain] INFO  o.s.b.d.a.OptionalLiveReloadServer - LiveReload server is running on port 35729
2023-07-22 00:05:23 [restartedMain] WARN  o.s.b.a.o.j.JpaBaseConfiguration$JpaWebConfiguration - spring.jpa.open-in-view is enabled by default. Therefore, database queries may be performed during view rendering. Explicitly configure spring.jpa.open-in-view to disable this warning
2023-07-22 00:05:23 [restartedMain] INFO  o.s.b.w.e.tomcat.TomcatWebServer - Tomcat started on port(s): 8080 (http) with context path ''
2023-07-22 00:05:23 [restartedMain] INFO  s.d.s.w.p.DocumentationPluginsBootstrapper - Context refreshed
2023-07-22 00:05:23 [restartedMain] INFO  s.d.s.w.p.DocumentationPluginsBootstrapper - Found 1 custom documentation plugin(s)
2023-07-22 00:05:23 [restartedMain] INFO  s.d.s.w.s.ApiListingReferenceScanner - Scanning for api listing references
2023-07-22 00:05:23 [restartedMain] INFO  s.d.s.w.r.o.CachingOperationNameGenerator - Generating unique operation named: getAppointmentsByDoctorIdAndAppointmentDateUsingGET_1
2023-07-22 00:05:23 [restartedMain] INFO  com.hms.api.HmsApplication - Started HmsApplication in 3.459 seconds (JVM running for 4762.702)
2023-07-22 00:05:23 [restartedMain] INFO  o.s.b.d.a.ConditionEvaluationDeltaLoggingListener - Condition evaluation unchanged
2023-07-22 00:08:38 [RMI TCP Connection(100)-127.0.0.1] INFO  o.s.b.a.SpringApplicationAdminMXBeanRegistrar$SpringApplicationAdmin - Application shutdown requested.
